-------------------------------------------------------------------------------
Test set: fr.formation.inti.projet.SportNateProjetApplicationTests
-------------------------------------------------------------------------------
Tests run: 1, Failures: 0, Errors: 1, Skipped: 0, Time elapsed: 12.179 s <<< FAILURE! - in fr.formation.inti.projet.SportNateProjetApplicationTests
contextLoads(fr.formation.inti.projet.SportNateProjetApplicationTests)  Time elapsed: 0 s  <<< ERROR!
java.lang.IllegalStateException: Failed to load ApplicationContext
Caused by: org.springframework.beans.factory.UnsatisfiedDependencyException: Error creating bean with name 'activiteRecordController': Unsatisfied dependency expressed through field 'serviceActivity'; nested exception is org.springframework.beans.factory.NoSuchBeanDefinitionException: No qualifying bean of type 'fr.formation.inti.service.ActivityRecordService' available: expected at least 1 bean which qualifies as autowire candidate. Dependency annotations: {@org.springframework.beans.factory.annotation.Autowired(required=true)}
Caused by: org.springframework.beans.factory.NoSuchBeanDefinitionException: No qualifying bean of type 'fr.formation.inti.service.ActivityRecordService' available: expected at least 1 bean which qualifies as autowire candidate. Dependency annotations: {@org.springframework.beans.factory.annotation.Autowired(required=true)}

